<?xml version="1.0" encoding="UTF-8"?>
<testsuite name="ResistorColorTest" tests="4" skipped="0" failures="0" errors="0" timestamp="2020-05-06T09:26:22" hostname="Nikitas-MacBook-Air.local" time="0.007">
  <properties/>
  <testcase name="testWhiteColorCode" classname="ResistorColorTest" time="0.002"/>
  <testcase name="testColors" classname="ResistorColorTest" time="0.002"/>
  <testcase name="testBlackColorCode" classname="ResistorColorTest" time="0.0"/>
  <testcase name="testOrangeColorCode" classname="ResistorColorTest" time="0.001"/>
  <system-out><![CDATA[]]></system-out>
  <system-err><![CDATA[]]></system-err>
</testsuite>
