<?xml version="1.0" encoding="UTF-8"?>
<testsuite name="GigasecondTest" tests="5" skipped="0" failures="0" errors="0" timestamp="2020-05-13T10:23:10" hostname="Nikitas-MacBook-Air.local" time="0.011">
  <properties/>
  <testcase name="withFullTimeSpecified" classname="GigasecondTest" time="0.007"/>
  <testcase name="modernTime" classname="GigasecondTest" time="0.001"/>
  <testcase name="beforeEpochTime" classname="GigasecondTest" time="0.0"/>
  <testcase name="afterEpochTime" classname="GigasecondTest" time="0.0"/>
  <testcase name="withFullTimeSpecifiedAndDayRollover" classname="GigasecondTest" time="0.0"/>
  <system-out><![CDATA[]]></system-out>
  <system-err><![CDATA[]]></system-err>
</testsuite>
